<?xml version="1.0" encoding="UTF-8"?>
<!-- Generated by org.testng.reporters.JUnitXMLReporter -->
<testsuite hostname="LAPTOP-G1FMFIUG" ignored="0" name="Default test(failed)" tests="1" failures="1" timestamp="2022-04-21T23:14:21 IST" time="205.832" errors="0">
  <testcase name="tc1" time="2.763" classname="practice.Assrt">
    <failure type="java.lang.AssertionError" message="expected [Facebook helps you connect and share with the people in your life.] but found [Log in to Facebook]">
      <![CDATA[java.lang.AssertionError: expected [Facebook helps you connect and share with the people in your life.] but found [Log in to Facebook]
at practice.Assrt.tc1(Assrt.java:38)
at java.util.ArrayList.forEach(ArrayList.java:1257)
... Removed 33 stack frames]]>
    </failure>
  </testcase> <!-- tc1 -->
</testsuite> <!-- Default test(failed) -->
